<?xml version="1.0" encoding="UTF-8"?>
<!-- Generated by org.testng.reporters.JUnitReportReporter -->
<testsuite skipped="4" hostname="MININT-08DQ4P9" name="testSuite.LogInTest" tests="8" failures="0" timestamp="06 Jul 2018 19:44:53 GMT" time="118.592" errors="0">
  <testcase name="logInWI" time="12.473" classname="testSuite.LogInTest">
    <skipped/>
  </testcase> <!-- logInWI -->
  <testcase name="logInPA" time="22.636" classname="testSuite.LogInTest"/>
  <testcase name="logInOH" time="10.052" classname="testSuite.LogInTest">
    <skipped/>
  </testcase> <!-- logInOH -->
  <testcase name="logInOH" time="16.869" classname="testSuite.LogInTest"/>
  <testcase name="logInPA" time="9.967" classname="testSuite.LogInTest">
    <skipped/>
  </testcase> <!-- logInPA -->
  <testcase name="logInWI" time="16.857" classname="testSuite.LogInTest"/>
  <testcase name="logInIL" time="18.525" classname="testSuite.LogInTest"/>
  <testcase name="logInOH" time="11.213" classname="testSuite.LogInTest">
    <skipped/>
  </testcase> <!-- logInOH -->
</testsuite> <!-- testSuite.LogInTest -->
